0 info it worked if it ends with ok
1 verbose cli [
1 verbose cli   'C:\\Program Files\\nodejs\\node.exe',
1 verbose cli   'C:\\Program Files\\nodejs\\node_modules\\npm\\bin\\npm-cli.js',
1 verbose cli   'run',
1 verbose cli   'start'
1 verbose cli ]
2 info using npm@6.14.15
3 info using node@v14.18.0
4 verbose run-script [ 'prestart', 'start', 'poststart' ]
5 info lifecycle to-do-list@0.0.0~prestart: to-do-list@0.0.0
6 info lifecycle to-do-list@0.0.0~start: to-do-list@0.0.0
7 verbose lifecycle to-do-list@0.0.0~start: unsafe-perm in lifecycle true
8 verbose lifecycle to-do-list@0.0.0~start: PATH: C:\Program Files\nodejs\node_modules\npm\node_modules\npm-lifecycle\node-gyp-bin;C:\Users\steph\Desktop\Angular-Projets\toDoList\node_modules\.bin;C:\Users\steph\bin;C:\Program Files\Git\mingw64\bin;C:\Program Files\Git\usr\local\bin;C:\Program Files\Git\usr\bin;C:\Program Files\Git\usr\bin;C:\Program Files\Git\mingw64\bin;C:\Program Files\Git\usr\bin;C:\Users\steph\bin;C:\Python39\Scripts;C:\Python39;C:\Program Files (x86)\Common Files\Intel\Shared Libraries\redist\intel64\compiler;C:\Program Files\Common Files\Oracle\Java\javapath;C:\Windows\System32\WindowsPowerShell\v1.0;C:\Program Files\Java\jdk-14.0.1\bin;.;C:\Program Files (x86)\Common Files\Oracle\Java\javapath;C:\Windows\system32;C:\Windows;C:\Windows\System32\Wbem;C:\WINDOWS\system3;C:\WINDOWS;C:\Program Files\Java\jdk-14.0.1\bin";C:\Program Files (x86)\NVIDIA Corporation\PhysX\Common;C:\Program Files\NVIDIA Corporation\NVIDIA NvDLISR;C:\Program Files\Intel\WiFi\bin;C:\Program Files\Common Files\Intel\WirelessCommon;C:\WINDOWS\system32;C:\WINDOWS;C:\WINDOWS\System32\Wbem;C:\WINDOWS\System32\WindowsPowerShell\v1.0;C:\WINDOWS\System32\OpenSSH;C:\Program Files\MATLAB\R2020b\runtime\win64;C:\Program Files\MATLAB\R2020b\bin;D:\bin;D:\Programme\MATLAB DOC\bin;C:\ProgramData\chocolatey\bin;C:\Program Files\dotnet;C:\Program Files\Microsoft SQL Server\130\Tools\Binn;C:\Program Files\Microsoft SQL Server\Client SDK\ODBC\170\Tools\Binn;C:\Program Files\Git\cmd;C:\Program Files\nodejs;C:\Program Files\MySQL\MySQL Shell 8.0\bin;C:\Windows\System32\WindowsPowerShell\v1.0;C:\Program Files\Java\jdk-14.0.1\bin";C:\Users\steph\AppData\Local\Programs\Python\Python38\Scripts;C:\Users\steph\AppData\Local\Programs\Python\Python38;C:\Users\steph\AppData\Local\Programs\Python\Python38-32\Scripts;C:\Users\steph\AppData\Local\Programs\Python\Python38-32;C:\Users\steph\AppData\Local\Microsoft\WindowsApps;C:\Program Files\Java\jdk-14.0.1\bi;.;C:\Users\steph\AppData\Local\GitHubDesktop\bin";C:\Users\steph\AppData\Local\GitHubDesktop\bin;C:\Users\steph\AppData\Local\atom\bin;C:\ProgramData\steph\GitHubDesktop\bin;C:\Users\steph\AppData\Local\Microsoft\WindowsApps;C:\Users\steph\.dotnet\tools;C:\Users\steph\AppData\Local\Programs\Microsoft VS Code\bin;C:\Users\steph\AppData\Roaming\npm;C:\Program Files\Git\usr\bin\vendor_perl;C:\Program Files\Git\usr\bin\core_perl
9 verbose lifecycle to-do-list@0.0.0~start: CWD: C:\Users\steph\Desktop\Angular-Projets\toDoList
10 silly lifecycle to-do-list@0.0.0~start: Args: [ '/d /s /c', 'ng serve' ]
11 silly lifecycle to-do-list@0.0.0~start: Returned: code: 9009  signal: null
12 info lifecycle to-do-list@0.0.0~start: Failed to exec start script
13 verbose stack Error: to-do-list@0.0.0 start: `ng serve`
13 verbose stack Exit status 9009
13 verbose stack     at EventEmitter.<anonymous> (C:\Program Files\nodejs\node_modules\npm\node_modules\npm-lifecycle\index.js:332:16)
13 verbose stack     at EventEmitter.emit (events.js:400:28)
13 verbose stack     at ChildProcess.<anonymous> (C:\Program Files\nodejs\node_modules\npm\node_modules\npm-lifecycle\lib\spawn.js:55:14)
13 verbose stack     at ChildProcess.emit (events.js:400:28)
13 verbose stack     at maybeClose (internal/child_process.js:1058:16)
13 verbose stack     at Process.ChildProcess._handle.onexit (internal/child_process.js:293:5)
14 verbose pkgid to-do-list@0.0.0
15 verbose cwd C:\Users\steph\Desktop\Angular-Projets\toDoList
16 verbose Windows_NT 10.0.19042
17 verbose argv "C:\\Program Files\\nodejs\\node.exe" "C:\\Program Files\\nodejs\\node_modules\\npm\\bin\\npm-cli.js" "run" "start"
18 verbose node v14.18.0
19 verbose npm  v6.14.15
20 error code ELIFECYCLE
21 error errno 9009
22 error to-do-list@0.0.0 start: `ng serve`
22 error Exit status 9009
23 error Failed at the to-do-list@0.0.0 start script.
23 error This is probably not a problem with npm. There is likely additional logging output above.
24 verbose exit [ 9009, true ]
